<?xml version="1.0" encoding="UTF-8"?>
<!-- Generated by org.testng.reporters.JUnitReportReporter -->
<testsuite hostname="Dell-22D23" failures="0" tests="3" name="multiLogIn" time="11.133" errors="0" timestamp="2023-10-24T13:08:40 EET" skipped="0">
  <testcase classname="multiLogIn" name="LoginWithStandardUser" time="3.336"/>
  <testcase classname="multiLogIn" name="LoginWithProblemUser" time="3.354"/>
  <testcase classname="multiLogIn" name="LoginWithPerformanceUser" time="4.443"/>
</testsuite> <!-- multiLogIn -->
